<?xml version="1.0" encoding="UTF-8"?>
<!-- Generated by org.testng.reporters.JUnitReportReporter -->
<testsuite hostname="LAPTOP-3ELS900Q" failures="0" tests="1" name="testCases.TC001_AccountRegistrationTest" time="2.392" errors="0" timestamp="2025-09-26T19:02:42 IST" skipped="0">
  <testcase classname="testCases.TC001_AccountRegistrationTest" name="verify_account_registration" time="2.392"/>
</testsuite> <!-- testCases.TC001_AccountRegistrationTest -->
