<?xml version="1.0" encoding="UTF-8"?>
<!-- Generated by org.testng.reporters.JUnitReportReporter -->
<testsuite hostname="LAPTOP-3ELS900Q" failures="0" tests="1" name="testCases.TC002_AccountLoginTest" time="1.898" errors="0" timestamp="2025-09-26T19:02:42 IST" skipped="0">
  <testcase classname="testCases.TC002_AccountLoginTest" name="verify_Login" time="1.898"/>
</testsuite> <!-- testCases.TC002_AccountLoginTest -->
